Build started 2013/12/6 20:49:13.
     1>Project "D:\softdev\xlw-5.0.0f0\xlw\build\vc11\InterfaceGenerator.vcxproj" on node 3 (Build target(s)).
     1>ClCompile:
         C:\Program Files (x86)\Microsoft Visual Studio 11.0\VC\bin\CL.exe /c /Zi /nologo /W3 /WX- /Od /Oy- /D WIN32 /D _DEBUG /D _CONSOLE /D _UNICODE /D UNICODE /Gm /EHsc /RTC1 /MDd /GS /fp:precise /Zc:wchar_t /Zc:forScope /Fo"Debug\Objects\InterfaceGenerator\\" /Fd"D:\softdev\xlw-5.0.0f0\xlw\build\vc11\Debug\\InterfaceGenerator.pdb" /Gd /TP /analyze- /errorReport:prompt ..\..\InterfaceGenerator\Functionizer.cpp ..\..\InterfaceGenerator\FunctionModel.cpp ..\..\InterfaceGenerator\main.cpp ..\..\InterfaceGenerator\ManagedOutputter.cpp ..\..\InterfaceGenerator\Outputter.cpp ..\..\InterfaceGenerator\OutputterHelper.cpp ..\..\InterfaceGenerator\ParserData.cpp ..\..\InterfaceGenerator\Strip.cpp ..\..\InterfaceGenerator\Tokenizer.cpp ..\..\InterfaceGenerator\TypeRegister.cpp ..\..\InterfaceGenerator\TypeRegistrations.cpp
         TypeRegistrations.cpp
         TypeRegister.cpp
         Tokenizer.cpp
         Strip.cpp
         ParserData.cpp
         OutputterHelper.cpp
         Outputter.cpp
         ManagedOutputter.cpp
         main.cpp
         FunctionModel.cpp
         Functionizer.cpp
         Generating Code...
       Link:
         C:\Program Files (x86)\Microsoft Visual Studio 11.0\VC\bin\link.exe /ERRORREPORT:PROMPT /OUT:"Debug\InterfaceGenerator.exe" /INCREMENTAL /NOLOGO kernel32.lib user32.lib gdi32.lib winspool.lib comdlg32.lib advapi32.lib shell32.lib ole32.lib oleaut32.lib uuid.lib odbc32.lib odbccp32.lib /MANIFEST /MANIFESTUAC:"level='asInvoker' uiAccess='false'" /manifest:embed /DEBUG /PDB:"Debug\InterfaceGenerator.pdb" /SUBSYSTEM:CONSOLE /TLBID:1 /DYNAMICBASE:NO /IMPLIB:"Debug\InterfaceGenerator.lib" /MACHINE:X86 /SAFESEH Debug\Objects\InterfaceGenerator\Functionizer.obj
         Debug\Objects\InterfaceGenerator\FunctionModel.obj
         Debug\Objects\InterfaceGenerator\main.obj
         Debug\Objects\InterfaceGenerator\ManagedOutputter.obj
         Debug\Objects\InterfaceGenerator\Outputter.obj
         Debug\Objects\InterfaceGenerator\OutputterHelper.obj
         Debug\Objects\InterfaceGenerator\ParserData.obj
         Debug\Objects\InterfaceGenerator\Strip.obj
         Debug\Objects\InterfaceGenerator\Tokenizer.obj
         Debug\Objects\InterfaceGenerator\TypeRegister.obj
         Debug\Objects\InterfaceGenerator\TypeRegistrations.obj
         InterfaceGenerator.vcxproj -> D:\softdev\xlw-5.0.0f0\xlw\build\vc11\Debug\InterfaceGenerator.exe
     1>Done Building Project "D:\softdev\xlw-5.0.0f0\xlw\build\vc11\InterfaceGenerator.vcxproj" (Build target(s)).

Build succeeded.

Time Elapsed 00:00:06.42
